<?xml version="1.0" encoding="UTF-8"?>
<testsuite name="ru.stqa.pft.sandbox.PrimesTests" tests="2" skipped="0" failures="0" errors="0" timestamp="2021-11-19T17:00:27" hostname="ИЛЬЯ-ПК" time="7.539">
  <properties/>
  <testcase name="testPrimesNotSimple" classname="ru.stqa.pft.sandbox.PrimesTests" time="0.009"/>
  <testcase name="testPrimesSimple" classname="ru.stqa.pft.sandbox.PrimesTests" time="7.522"/>
  <system-out><![CDATA[]]></system-out>
  <system-err><![CDATA[]]></system-err>
</testsuite>
