<?xml version="1.0" encoding="UTF-8"?>
<testsuite name="ru.stqa.pft.addressbook.tests.ContactModificationTests" tests="1" skipped="0" failures="0" errors="0" timestamp="2021-11-23T21:53:08" hostname="ИЛЬЯ-ПК" time="3.307">
  <properties/>
  <testcase name="testContactModification" classname="ru.stqa.pft.addressbook.tests.ContactModificationTests" time="3.307"/>
  <system-out><![CDATA[225
]]></system-out>
  <system-err><![CDATA[]]></system-err>
</testsuite>
