<?xml version="1.0" encoding="UTF-8"?>
<testsuite name="ru.stqa.pft.addressbook.tests.ContactCreationTests" tests="1" skipped="0" failures="0" errors="0" timestamp="2021-11-18T16:58:33" hostname="ИЛЬЯ-ПК" time="0.859">
  <properties/>
  <testcase name="testContactCreation" classname="ru.stqa.pft.addressbook.tests.ContactCreationTests" time="0.859"/>
  <system-out><![CDATA[]]></system-out>
  <system-err><![CDATA[SLF4J: Failed to load class "org.slf4j.impl.StaticLoggerBinder".
SLF4J: Defaulting to no-operation (NOP) logger implementation
SLF4J: See http://www.slf4j.org/codes.html#StaticLoggerBinder for further details.
1637254708015	geckodriver	INFO	Listening on 127.0.0.1:49448
1637254708827	mozrunner::runner	INFO	Running command: "C:\\Program Files\\Mozilla Firefox\\firefox.exe" "--marionette" "--remote-debugging-port" "54320" "-no-remote" "-profile" "C:\\Users\\75BD~1\\AppData\\Local\\Temp\\rust_mozprofileScDoDp"
1637254709852	Marionette	INFO	Marionette enabled
console.warn: SearchSettings: "get: No settings file exists, new profile?" (new NotFoundError("Could not open the file at C:\\Users\\\u0418\u043B\u044C\u044F\\AppData\\Local\\Temp\\rust_mozprofileScDoDp\\search.json.mozlz4", (void 0)))
DevTools listening on ws://localhost:54320/devtools/browser/24d79324-08e8-44d6-a9f3-a41ac4d5f7cd
1637254712418	Marionette	INFO	Listening on port 51240
1637254712708	RemoteAgent	WARN	TLS certificate errors will be ignored for this session
нояб. 18, 2021 8:58:32 PM org.openqa.selenium.remote.ProtocolHandshake createSession
INFO: Detected dialect: W3C
1637254714608	Marionette	INFO	Stopped listening on port 51240
[Parent 8020, IPC I/O Parent] WARNING: file /builds/worker/checkouts/gecko/ipc/chromium/src/base/process_util_win.cc:167
]]></system-err>
</testsuite>
