<?xml version="1.0" encoding="UTF-8"?>
<testsuite name="ru.stqa.pft.addressbook.tests.GroupDeletionTests" tests="1" skipped="0" failures="0" errors="0" timestamp="2021-11-18T17:27:37" hostname="ИЛЬЯ-ПК" time="1.077">
  <properties/>
  <testcase name="testGroupDeletion" classname="ru.stqa.pft.addressbook.tests.GroupDeletionTests" time="1.077"/>
  <system-out><![CDATA[]]></system-out>
  <system-err><![CDATA[SLF4J: Failed to load class "org.slf4j.impl.StaticLoggerBinder".
SLF4J: Defaulting to no-operation (NOP) logger implementation
SLF4J: See http://www.slf4j.org/codes.html#StaticLoggerBinder for further details.
1637256452392	geckodriver	INFO	Listening on 127.0.0.1:63339
1637256453178	mozrunner::runner	INFO	Running command: "C:\\Program Files\\Mozilla Firefox\\firefox.exe" "--marionette" "--remote-debugging-port" "54505" "-no-remote" "-profile" "C:\\Users\\75BD~1\\AppData\\Local\\Temp\\rust_mozprofilewIWWrB"
1637256454192	Marionette	INFO	Marionette enabled
console.warn: SearchSettings: "get: No settings file exists, new profile?" (new NotFoundError("Could not open the file at C:\\Users\\\u0418\u043B\u044C\u044F\\AppData\\Local\\Temp\\rust_mozprofilewIWWrB\\search.json.mozlz4", (void 0)))
DevTools listening on ws://localhost:54505/devtools/browser/ae4ff34d-df45-40f6-97a8-37bc047832ab
1637256456812	Marionette	INFO	Listening on port 55390
1637256457047	RemoteAgent	WARN	TLS certificate errors will be ignored for this session
нояб. 18, 2021 9:27:37 PM org.openqa.selenium.remote.ProtocolHandshake createSession
INFO: Detected dialect: W3C
1637256459126	Marionette	INFO	Stopped listening on port 55390

###!!! [Parent][RunMessage] Error: Channel closing: too late to send/recv, messages will be lost

]]></system-err>
</testsuite>
