<?xml version="1.0" encoding="UTF-8"?>
<testsuite name="ru.stqa.pft.addressbook.tests.ContactParametersTests" tests="3" skipped="0" failures="0" errors="0" timestamp="2021-11-24T21:41:23" hostname="ИЛЬЯ-ПК" time="2.915">
  <properties/>
  <testcase name="testContactAddress" classname="ru.stqa.pft.addressbook.tests.ContactParametersTests" time="0.568"/>
  <testcase name="testContactEmail" classname="ru.stqa.pft.addressbook.tests.ContactParametersTests" time="0.498"/>
  <testcase name="testContactPhones" classname="ru.stqa.pft.addressbook.tests.ContactParametersTests" time="0.57"/>
  <system-out><![CDATA[]]></system-out>
  <system-err><![CDATA[]]></system-err>
</testsuite>
